This is XeTeX, Version 3.141592653-2.6-0.999996 (TeX Live 2024) (preloaded format=xelatex 2024.10.22)  23 OCT 2024 20:06
entering extended mode
 restricted \write18 enabled.
 %&-line parsing enabled.
**analise_1.tex
(./analise_1.tex
LaTeX2e <2024-06-01> patch level 2
L3 programming layer <2024-09-10>

! LaTeX Error: File `estat/estat.cls' not found.

Type X to quit or <RETURN> to proceed,
or enter new name. (Default extension: cls)

Enter file name: 
! Emergency stop.
<read *> 
         
l.8 ^^M
        
Here is how much of TeX's memory you used:
 30 strings out of 476218
 576 string characters out of 5784872
 375945 words of memory out of 5000000
 22695 multiletter control sequences out of 15000+600000
 558069 words of font info for 36 fonts, out of 8000000 for 9000
 16 hyphenation exceptions out of 8191
 19i,0n,29p,108b,17s stack positions out of 10000i,1000n,20000p,200000b,200000s

No pages of output.
